<?xml version="1.0" encoding="UTF-8"?>
<!-- Generated by org.testng.reporters.JUnitReportReporter -->
<testsuite hostname="DESKTOP-55HTNQ2" failures="0" tests="10" name="com.testcases.LoginTest" time="98.651" errors="0" timestamp="26 Oct 2019 07:51:38 GMT" skipped="0">
  <testcase classname="com.testcases.LoginTest" name="lunchApp" time="3.302"/>
  <testcase classname="com.testcases.LoginTest" name="FieldPresent" time="0.151"/>
  <testcase classname="com.testcases.LoginTest" name="loginData" time="8.362"/>
  <testcase classname="com.testcases.LoginTest" name="userName" time="4.377"/>
  <testcase classname="com.testcases.LoginTest" name="passWord" time="2.048"/>
  <testcase classname="com.testcases.LoginTest" name="login" time="5.244"/>
  <testcase classname="com.testcases.LoginTest" name="Add" time="16.256"/>
  <testcase classname="com.testcases.LoginTest" name="Sub" time="16.054"/>
  <testcase classname="com.testcases.LoginTest" name="Dev" time="26.805"/>
  <testcase classname="com.testcases.LoginTest" name="Multi" time="16.052"/>
</testsuite> <!-- com.testcases.LoginTest -->
