<?xml version="1.0" encoding="UTF-8"?>
<!-- Generated by org.testng.reporters.JUnitReportReporter -->
<testsuite hostname="DESKTOP-55HTNQ2" failures="0" tests="5" name="com.testcases.LoginClass" time="21.207" errors="0" timestamp="25 Oct 2019 04:25:26 GMT" skipped="0">
  <testcase classname="com.testcases.LoginClass" name="FieldPresent" time="0.142"/>
  <testcase classname="com.testcases.LoginClass" name="loginData" time="8.606"/>
  <testcase classname="com.testcases.LoginClass" name="userName" time="4.673"/>
  <testcase classname="com.testcases.LoginClass" name="passWord" time="2.121"/>
  <testcase classname="com.testcases.LoginClass" name="login" time="5.665"/>
</testsuite> <!-- com.testcases.LoginClass -->
